Many modules are hidden in this stack. Use "module --show_hidden spider SOFTWARE" if you are not able to find the required software
/cluster/home/alesweber/TerraProject/terra-baselines/visualize_mixed.py:147: DeprecationWarning: jax.tree_map is deprecated: use jax.tree.map (jax v0.4.25 or newer) or jax.tree_util.tree_map (any JAX version).
  env_cfgs = jax.tree_map(replicate_field, env_cfgs)
pygame 2.5.2 (SDL 2.28.2, Python 3.12.2)
Hello from the pygame community. https://www.pygame.org/contribute.html
Loaded data from /cluster/home/alesweber/TerraProject/terra-baselines/checkpoints/mixed-agents-skidsteer-skidsteer-local-2025-07-08-21-17-51_FINAL.pkl.
Loading maps from ['/cluster/home/alesweber/TerraProject/terra/data/terra/train/relocations'].
Data Loader:   0%|          | 0/20 [00:00<?, ?it/s]Data Loader:  25%|██▌       | 5/20 [00:00<00:00, 46.90it/s]Data Loader:  55%|█████▌    | 11/20 [00:00<00:00, 50.76it/s]Data Loader:  85%|████████▌ | 17/20 [00:00<00:00, 51.92it/s]Data Loader: 100%|██████████| 20/20 [00:00<00:00, 51.55it/s]
2025-07-08 22:40:13.887971: W tensorflow/compiler/tf2tensorrt/utils/py_utils.cc:38] TF-TRT Warning: Could not find TensorRT
Loaded 20 maps from /cluster/home/alesweber/TerraProject/terra/data/terra/train/relocations.
Did NOT load any metadata file from /cluster/home/alesweber/TerraProject/terra/data/terra/train/relocations.
Maps width: 64
Maps height: 64
Unique shapes of trench_axes_list: {(20, 3, 3)}
Maps shape: (1, 20, 64, 64).
Padding mask shape: (1, 20, 64, 64).
Dumpability mask shape: (1, 20, 64, 64).
Trench axes shape: (1, 20, 3, 3).
Trench types shape: (1,).
Actions shape: (1, 20, 64, 64).
Shuffling maps between curriculum levels...
Maps shuffled.
TerraEnv: disabling display...
Agent size (in rendering): 9x5
Tile size (in rendering): 0.6875
Rendering tile size: 3
Number of possible base rotations: 12
Number of possible cabin rotations: 12
num_embeddings_agent = 64
map normalization min max = (-1, 1)
Model: 419,680 parameters
Using seed=0
tile_size: 0.6875
agent_width: 5, agent_height: 9
[TerraEnv.reset] action_map shape: (64, 64), type: <class 'jax._src.interpreters.partial_eval.DynamicJaxprTracer'>
0 [-0.0004 -0.0002 -0.0002 -0.0004 -0.0004 -0.0002 -0.0002 -0.0004 -0.0002] [3 5 4 0 0 5 4 0 5] [False False False False False False False False False]
==========
1 [-0.0004 -0.0024 -0.0004 -0.0002 -0.0004 -0.0004 -0.0004 -0.0004 -0.0014] [3 0 1 6 3 3 3 3 3] [False False False False False False False False False]
==========
2 [-0.0004 -0.0002 -0.0002 -0.0024 -0.0002 -0.0014 -0.0004 -0.0004 -0.0004] [2 5 4 0 5 2 2 3 1] [False False False False False False False False False]
==========
3 [-0.0024 -0.0004 -0.0002  0.0003 -0.0004 -0.0004 -0.0004 -0.0002 -0.0014] [1 3 4 6 3 2 3 5 3] [False False False False False False False False False]
==========
4 [-0.0004 -0.0004 -0.0014 -0.0024 -0.0004 -0.0014 -0.0002 -0.0002 -0.0004] [0 0 3 0 1 3 4 4 0] [False False False False False False False False False]
==========
5 [-0.0004     -0.0004     -0.0002     -0.0024     -0.0004     -0.0004
 -0.0004     -0.0004      0.15959999] [3 0 4 0 0 0 3 3 0] [False False False False False False False False False]
==========
6 [-0.0004     -0.0004     -0.0002      0.19759999 -0.0004     -0.0014
 -0.0002     -0.0004     -0.1002    ] [3 0 4 0 0 2 4 0 6] [False False False False False False False False False]
==========
7 [-0.0004 -0.0004 -0.0004 -0.1252 -0.0004 -0.0004 -0.0002 -0.0002 -0.0002] [2 0 1 6 3 3 5 4 5] [False False False False False False False False False]
==========
8 [-0.0002     -0.0004     -0.0002     -0.0004     -0.0002     -0.0014
 -0.0004     -0.0002      0.10529999] [5 3 5 3 4 2 0 5 6] [False False False False False False False False False]
==========
9 [-0.0004 -0.0004 -0.0004 -0.1247 -0.0002 -0.0004 -0.0004 -0.0002 -0.0002] [3 1 1 6 5 2 3 5 5] [False False False False False False False False False]
==========
10 [-0.0004 -0.0002 -0.0014 -0.0004 -0.0002 -0.0024 -0.0004 -0.0004 -0.0004] [3 5 2 3 4 1 0 0 3] [False False False False False False False False False]
==========
11 [-0.0004 -0.0004 -0.0004 -0.0024 -0.0004 -0.0004 -0.0004 -0.0024 -0.0004] [3 1 1 0 1 3 3 1 0] [False False False False False False False False False]
==========
12 [-0.0004 -0.0004 -0.0014 -0.0004 -0.0004 -0.0014 -0.0004 -0.0004 -0.0024] [3 3 2 2 1 3 0 3 0] [False False False False False False False False False]
==========
13 [-2.3999999e-03 -3.9999999e-04 -1.9999999e-04 -1.9520000e-01
 -3.9999999e-04 -3.9999999e-04  5.5960000e-01 -1.9999999e-04
 -1.9999999e-04] [0 0 4 6 3 3 0 4 5] [False False False False False False False False False]
==========
14 [-3.9999999e-04 -1.9999999e-04 -1.4000000e-03  3.0960000e-01
 -1.9999999e-04 -2.3999999e-03 -3.5020000e-01 -3.9999999e-04
 -2.4499998e-03] [1 5 2 0 5 1 6 0 0] [False False False False False False False False False]
==========
15 [-2.3999999e-03 -3.9999999e-04 -3.9999999e-04  5.9999997e-04
 -1.9999999e-04 -3.9999999e-04  5.5960000e-01 -3.9999999e-04
  1.3559999e-01] [0 0 0 3 4 3 0 0 0] [False False False False False False False False False]
==========
16 [-3.9999999e-04 -3.9999999e-04 -1.9999999e-04  3.0960000e-01
 -1.9999999e-04 -1.4000000e-03  5.9999997e-04 -3.9999999e-04
 -2.4499998e-03] [0 0 5 0 4 2 3 0 1] [False False False False False False False False False]
==========
17 [-3.9999999e-04 -1.4000000e-03 -3.9999999e-04  5.5000000e-04
 -1.9999999e-04 -3.9999999e-04  5.5759996e-01 -3.9999999e-04
 -3.9999999e-04] [2 3 2 0 4 3 0 3 3] [False False False False False False False False False]
==========
18 [-3.9999999e-04 -3.9999999e-04 -1.9999999e-04  3.0960000e-01
 -3.9999999e-04 -1.4000000e-03 -2.4499998e-03 -3.9999999e-04
 -1.4000000e-03] [3 3 5 0 3 2 0 3 3] [False False False False False False False False False]
==========
19 [-3.9999999e-04 -3.9999999e-04 -3.9999999e-04  5.5000000e-04
 -1.9999999e-04 -1.9999999e-04  5.5759996e-01 -3.9999999e-04
 -3.9999999e-04] [3 0 3 1 5 4 0 0 3] [False False False False False False False False False]
==========
20 [-3.9999999e-04 -3.9999999e-04 -1.9999999e-04  3.0960000e-01
 -3.9999999e-04 -1.9999999e-04  5.9999997e-04 -3.9999999e-04
 -1.9999999e-04] [0 0 4 0 0 4 2 0 4] [False False False False False False False False False]
==========
21 [-1.4000000e-03 -3.9999999e-04 -3.9999999e-04 -1.9999999e-04
 -3.9999999e-04 -3.9999999e-04  5.5759996e-01 -3.9999999e-04
  1.3559999e-01] [3 1 0 5 3 0 0 3 0] [False False False False False False False False False]
==========
22 [-0.0004 -0.0004 -0.0004  0.3096 -0.0004 -0.0014 -0.3497 -0.0004 -0.0014] [3 3 1 0 3 3 6 0 3] [False False False False False False False False False]
==========
23 [-0.0002     -0.0004     -0.0004      0.0006     -0.0002     -0.0004
 -0.0024     -0.0004      0.13559999] [5 1 3 3 4 0 0 0 0] [False False False False False False False False False]
==========
24 [-0.0004 -0.0004 -0.0002 -0.0004 -0.0004 -0.0014 -0.0024 -0.0002 -0.0852] [3 3 4 2 3 3 0 4 6] [False False False False False False False False False]
==========
25 [-3.9999999e-04 -1.9999999e-04 -3.9999999e-04  5.5000000e-04
 -1.9999999e-04 -2.3999999e-03  6.8560004e-01 -1.9999999e-04
 -3.9999999e-04] [1 5 1 0 5 0 0 4 1] [False False False False False False False False False]
==========
26 [-3.9999999e-04 -3.9999999e-04 -3.9999999e-04  3.0960000e-01
 -3.9999999e-04 -2.3999999e-03 -1.9999999e-04 -3.9999999e-04
 -1.9999999e-04] [3 2 1 0 3 1 5 3 5] [False False False False False False False False False]
==========
27 [-3.9999999e-04 -1.4000000e-03 -3.9999999e-04  5.9999997e-04
 -1.9999999e-04 -3.9999999e-04  6.8560004e-01 -1.9999999e-04
 -3.9999999e-04] [0 3 0 3 4 2 0 5 3] [False False False False False False False False False]
==========
28 [-3.9999999e-04 -3.9999999e-04 -3.9999999e-04  3.0960000e-01
 -1.9999999e-04 -1.4000000e-03 -2.4499998e-03 -3.9999999e-04
  5.9999997e-04] [3 3 3 0 4 3 1 0 3] [False False False False False False False False False]
==========
29 [-1.9999999e-04 -1.9999999e-04 -3.9999999e-04 -1.9999999e-04
 -3.9999999e-04 -3.9999999e-04  6.8560004e-01 -3.9999999e-04
 -3.9999999e-04] [5 4 1 4 0 1 0 1 1] [False False False False False False False False False]
==========
30 [-1.9999999e-04 -1.9999999e-04 -1.9999999e-04  3.0960000e-01
 -3.9999999e-04 -2.3999999e-03 -1.9999999e-04 -3.9999999e-04
 -1.9999999e-04] [4 5 5 0 3 1 4 3 4] [False False False False False False False False False]
==========
31 [-1.9999999e-04 -3.9999999e-04 -3.9999999e-04  5.9999997e-04
 -3.9999999e-04 -3.9999999e-04  6.8560004e-01 -3.9999999e-04
  1.3559999e-01] [4 0 2 2 3 3 0 0 0] [False False False False False False False False False]
==========
32 [-1.9999999e-04 -1.9999999e-04 -3.9999999e-04  3.0960000e-01
 -3.9999999e-04 -1.9999999e-04 -1.9999999e-04 -2.3999999e-03
  5.9999997e-04] [4 5 3 0 3 4 5 0 3] [False False False False False False False False False]
==========
33 [-3.9999999e-04 -1.9999999e-04 -3.9999999e-04 -1.9999999e-04
 -3.9999999e-04 -1.9999999e-04  6.8560004e-01 -2.3999999e-03
 -3.9999999e-04] [1 5 2 4 3 5 0 0 3] [False False False False False False False False False]
==========
34 [-3.9999999e-04 -3.9999999e-04 -1.9999999e-04  3.0960000e-01
 -3.9999999e-04 -2.3999999e-03 -1.4000000e-03 -2.3999999e-03
  5.9999997e-04] [3 0 5 0 3 1 2 0 2] [False False False False False False False False False]
==========
35 [-3.9999999e-04 -3.9999999e-04 -1.9999999e-04 -1.9999999e-04
 -3.9999999e-04 -3.9999999e-04  6.8560004e-01 -1.9999999e-04
  1.3559999e-01] [3 0 4 5 0 3 0 5 0] [False False False False False False False False False]
==========
36 [-4.000e-04 -4.000e-04 -4.000e-04  3.096e-01 -4.000e-04 -2.000e-04
 -2.000e-04 -2.000e-04 -2.000e-04] [0 0 0 0 0 5 4 4 4] [False False False False False False False False False]
==========
37 [-2.3999999e-03 -1.4000000e-03 -1.9999999e-04 -1.9999999e-04
 -3.9999999e-04 -3.9999999e-04  6.8560004e-01 -2.3999999e-03
  1.3559999e-01] [0 3 5 5 3 3 0 0 0] [False False False False False False False False False]
==========
38 [-0.0004  -0.0004  -0.0004   0.3096  -0.0004  -0.0014  -0.0014  -0.0004
  0.00055] [0 2 3 0 2 3 3 3 1] [False False False False False False False False False]
==========
39 [-1.9999999e-04 -1.4000000e-03 -3.9999999e-04 -1.9999999e-04
 -2.3999999e-03 -3.9999999e-04  6.8560004e-01 -3.9999999e-04
 -3.9999999e-04] [4 3 2 4 0 3 0 1 3] [False False False False False False False False False]
==========
40 [-0.0024  -0.0004  -0.0004   0.3096  -0.0004  -0.0014  -0.0014  -0.0004
  0.00055] [0 2 0 0 3 3 2 3 0] [False False False False False False False False False]
==========
41 [-1.9999999e-04 -1.4000000e-03 -3.9999999e-04  5.9999997e-04
 -3.9999999e-04 -3.9999999e-04  6.8560004e-01 -3.9999999e-04
  1.3559999e-01] [4 3 1 3 3 3 0 0 0] [False False False False False False False False False]
==========
42 [-3.9999999e-04 -3.9999999e-04 -3.9999999e-04  3.0960000e-01
 -1.9999999e-04 -1.4000000e-03 -1.9999999e-04 -2.3999999e-03
  5.5000000e-04] [3 3 3 0 4 3 5 0 0] [False False False False False False False False False]
==========
43 [-2.3999999e-03 -3.9999999e-04 -1.9999999e-04  5.5000000e-04
 -3.9999999e-04 -2.3999999e-03  6.8560004e-01 -3.9999999e-04
  1.3360000e-01] [0 0 5 1 1 0 0 1 0] [False False False False False False False False False]
==========
44 [-0.0004 -0.0004 -0.0004 -0.0004 -0.0004 -0.0014 -0.0002 -0.0004  0.0006] [3 3 0 2 0 3 4 3 3] [False False False False False False False False False]
==========
45 [-3.9999999e-04 -3.9999999e-04 -3.9999999e-04 -1.9470000e-01
 -1.9999999e-04 -2.3999999e-03  6.8560004e-01 -3.9999999e-04
  1.3360000e-01] [3 2 3 6 5 0 0 0 0] [False False False False False False False False False]
==========
46 [-0.0002 -0.0004 -0.0002 -0.0004 -0.0004 -0.0014 -0.0014 -0.0002  0.0006] [5 1 4 2 1 3 3 5 3] [False False False False False False False False False]
==========
47 [-3.9999999e-04 -3.9999999e-04 -3.9999999e-04 -3.9999999e-04
 -3.9999999e-04 -3.9999999e-04  6.8560004e-01 -2.3999999e-03
 -1.9999999e-04] [3 3 1 3 2 3 0 0 4] [False False False False False False False False False]
==========
48 [-0.0004 -0.0004 -0.0004 -0.0024 -0.0004 -0.0014 -0.0014 -0.0004  0.0006] [0 3 0 0 3 3 2 0 3] [False False False False False False False False False]
==========
49 [-1.9999999e-04 -3.9999999e-04 -3.9999999e-04 -2.3999999e-03
 -1.9999999e-04 -3.9999999e-04  6.8560004e-01 -2.3999999e-03
  1.3360000e-01] [4 1 0 0 4 3 0 0 0] [False False False False False False False False False]
==========
50 [-0.0004 -0.0004 -0.0004 -0.0024 -0.0004 -0.0014 -0.0014 -0.0004  0.0006] [3 2 3 0 0 3 2 3 3] [False False False False False False False False False]
==========
51 [-2.3999999e-03 -1.9999999e-04 -3.9999999e-04 -1.9999999e-04
 -3.9999999e-04 -3.9999999e-04  6.8560004e-01 -3.9999999e-04
  1.3360000e-01] [0 5 3 6 3 0 0 3 0] [False False False False False False False False False]
==========
52 [-0.0004  -0.0002  -0.0004  -0.0024  -0.0004  -0.0024  -0.00245 -0.0004
 -0.00245] [3 5 1 0 3 1 0 3 0] [False False False False False False False False False]
==========
53 [-3.9999999e-04 -3.9999999e-04 -3.9999999e-04  3.0000001e-04
 -3.9999999e-04 -1.9999999e-04  6.8560004e-01 -1.9999999e-04
 -3.9999999e-04] [3 0 1 6 3 5 0 5 3] [False False False False False False False False False]
==========
54 [-0.0004  -0.0004  -0.0004  -0.0024  -0.0004  -0.0004  -0.00245 -0.0002
 -0.0002 ] [0 3 1 0 2 0 0 4 5] [False False False False False False False False False]
==========
55 [-1.9999999e-04 -3.9999999e-04 -2.3999999e-03 -2.3999999e-03
 -2.3999999e-03 -3.9999999e-04  6.8560004e-01 -3.9999999e-04
  1.3559999e-01] [4 0 1 0 0 3 0 3 0] [False False False False False False False False False]
==========
56 [-0.0004 -0.0002 -0.0004 -0.0002 -0.0024 -0.0004 -0.0002 -0.0002 -0.0014] [0 5 3 4 0 1 5 5 3] [False False False False False False False False False]
==========
57 [-2.3999999e-03 -2.3999999e-03 -3.9999999e-04 -1.9999999e-04
 -1.9999999e-04 -3.9999999e-04  6.8560004e-01 -3.9999999e-04
  1.3559999e-01] [0 0 3 6 5 0 0 0 0] [False False False False False False False False False]
==========
58 [-0.0004 -0.0004 -0.0004 -0.0024 -0.0002 -0.0002 -0.0014 -0.0004 -0.0014] [3 0 3 0 4 4 3 2 3] [False False False False False False False False False]
==========
59 [-3.9999999e-04 -3.9999999e-04 -1.9999999e-04  3.0000001e-04
 -1.9999999e-04 -5.0200000e-02  6.8560004e-01 -3.9999999e-04
 -1.4000000e-03] [3 1 4 6 5 6 0 3 3] [False False False False False False False False False]
==========
60 [-0.0004  -0.0004  -0.0002  -0.0004  -0.0024   0.0796  -0.0002  -0.0004
  0.00055] [3 0 4 3 0 0 5 0 0] [False False False False False False False False False]
==========
61 [-3.9999999e-04 -3.9999999e-04 -1.9999999e-04 -2.3999999e-03
 -3.9999999e-04 -4.9699996e-02  6.8560004e-01 -2.3999999e-03
 -1.9999999e-04] [3 3 5 0 3 6 0 0 4] [False False False False False False False False False]
==========
62 [-0.0004     -0.0004     -0.0004     -0.0024     -0.0004     -0.0004
 -0.00245     0.35959998  0.0006    ] [0 3 1 0 2 0 0 0 3] [False False False False False False False False False]
==========
63 [-3.9999999e-04 -3.9999999e-04 -2.3999999e-03 -2.3999999e-03
 -3.9999999e-04 -3.9999999e-04  6.8560004e-01 -2.2520000e-01
  1.3559999e-01] [0 3 0 1 3 3 0 6 0] [False False False False False False False False False]
==========
64 [-3.9999999e-04 -1.9999999e-04 -3.9999999e-04 -3.9999999e-04
 -3.9999999e-04 -3.9999999e-04 -1.4000000e-03  3.5959998e-01
 -8.4700003e-02] [3 4 0 3 2 1 3 0 6] [False False False False False False False False False]
==========
65 [-3.9999999e-04 -1.9999999e-04 -3.9999999e-04 -1.9999999e-04
 -1.9999999e-04 -3.9999999e-04  6.8560004e-01  5.9999997e-04
 -2.3999999e-03] [0 5 2 6 5 3 0 3 0] [False False False False False False False False False]
==========
66 [-3.9999999e-04 -3.9999999e-04 -3.9999999e-04 -2.3999999e-03
 -1.9999999e-04 -1.4000000e-03 -2.4499998e-03  3.5959998e-01
 -2.3999999e-03] [0 2 1 0 5 3 1 0 0] [False False False False False False False False False]
==========
67 [-3.9999999e-04 -2.3999999e-03 -3.9999999e-04  3.0000001e-04
 -3.9999999e-04 -3.9999999e-04  6.8560004e-01 -2.2470000e-01
  1.3360000e-01] [3 0 3 6 3 0 0 6 0] [False False False False False False False False False]
==========
68 [-0.0004  -0.0004  -0.0004  -0.0004  -0.0004  -0.0014  -0.00245 -0.0004
 -0.00245] [0 0 2 3 3 2 0 0 0] [False False False False False False False False False]
==========
69 [-1.9999999e-04 -2.3999999e-03 -3.9999999e-04 -1.4000000e-03
 -3.9999999e-04 -3.9999999e-04  6.8560004e-01 -2.3999999e-03
  1.3360000e-01] [6 0 2 3 0 3 0 0 0] [False False False False False False False False False]
==========
70 [-3.9999999e-04 -3.9999999e-04 -3.9999999e-04 -2.3999999e-03
 -3.9999999e-04 -1.9999999e-04 -1.9999999e-04  6.8760008e-01
 -8.5200004e-02] [0 3 0 0 0 4 5 0 6] [False False False False False False False False False]
==========
71 [ 3.0000001e-04 -1.9999999e-04 -3.9999999e-04 -2.3999999e-03
 -3.9999999e-04 -3.9999999e-04  6.8560004e-01 -2.4499998e-03
 -3.9999999e-04] [6 4 2 0 0 3 0 0 2] [False False False False False False False False False]
==========
72 [-3.9999999e-04 -2.3999999e-03 -3.9999999e-04 -2.3999999e-03
 -3.9999999e-04 -3.9999999e-04 -1.4000000e-03  6.8760008e-01
  5.5000000e-04] [0 0 3 0 0 1 3 0 0] [False False False False False False False False False]
==========
73 [-2.3999999e-03 -3.9999999e-04 -3.9999999e-04 -1.9999999e-04
 -3.9999999e-04 -3.9999999e-04  6.8560004e-01 -1.9999999e-04
 -1.9999999e-04] [0 3 2 5 1 0 0 5 5] [False False False False False False False False False]
==========
74 [-3.9999999e-04 -1.9999999e-04 -3.9999999e-04 -2.3999999e-03
 -3.9999999e-04 -1.9999999e-04 -1.4000000e-03  6.8560004e-01
  5.5000000e-04] [3 4 3 0 3 5 3 0 0] [False False False False False False False False False]
==========
75 [-7.5199999e-02 -3.9999999e-04 -3.9999999e-04 -3.9999999e-04
 -3.9999999e-04 -3.9999999e-04  6.8560004e-01 -1.9999999e-04
 -3.9999999e-04] [6 3 1 2 1 3 0 5 3] [False False False False False False False False False]
==========
76 [-3.9999999e-04 -2.3999999e-03 -1.9999999e-04 -2.3999999e-03
 -1.9999999e-04 -1.4000000e-03 -1.4000000e-03  6.8560004e-01
 -2.4499998e-03] [3 0 4 0 5 3 3 0 0] [False False False False False False False False False]
==========
77 [ 5.9999997e-04 -3.9999999e-04 -1.4000000e-03 -3.9999999e-04
 -3.9999999e-04 -3.9999999e-04  6.8560004e-01 -2.4499998e-03
  1.3360000e-01] [3 3 3 2 3 3 0 0 0] [False False False False False False False False False]
==========
78 [ 1.1959999e-01 -1.4000000e-03 -1.9999999e-04 -3.9999999e-04
 -3.9999999e-04 -3.9999999e-04 -1.9999999e-04  6.8560004e-01
  5.9999997e-04] [0 3 5 3 0 0 4 0 2] [False False False False False False False False False]
==========
79 [-1.9999999e-04 -3.9999999e-04 -1.4000000e-03 -2.3999999e-03
 -3.9999999e-04 -1.9999999e-04  6.8560004e-01 -4.3019998e-01
  1.3360000e-01] [5 0 3 0 3 5 0 6 0] [False False False False False False False False False]
==========
80 [ 1.1959999e-01  6.7960006e-01 -1.9999999e-04 -3.9999999e-04
 -3.9999999e-04 -1.4000000e-03 -2.4499998e-03  6.8560004e-01
  5.9999997e-04] [0 0 5 3 3 2 1 0 2] [False False False False False False False False False]
==========
81 [-7.4699998e-02 -1.9999999e-04 -1.4000000e-03 -9.0200000e-02
 -3.9999999e-04 -3.9999999e-04  6.8560004e-01 -4.2970002e-01
 -3.9999999e-04] [6 4 3 6 3 1 0 6 3] [False False False False False False False False False]
==========
82 [-3.9999999e-04  6.7760003e-01 -3.9999999e-04 -3.9999999e-04
 -3.9999999e-04 -1.4000000e-03 -1.4000000e-03 -2.3999999e-03
  5.9999997e-04] [2 0 1 1 0 2 3 0 3] [False False False False False False False False False]
==========
83 [-2.3999999e-03 -2.4499998e-03 -2.3999999e-03  5.9999997e-04
 -3.9999999e-04 -3.9999999e-04  6.8560004e-01 -2.3999999e-03
  1.3360000e-01] [0 1 1 3 0 3 0 0 0] [False False False False False False False False False]
==========
84 [ 1.9159999e-01  6.7760003e-01 -3.9999999e-04 -3.9999999e-04
 -1.9999999e-04 -1.4000000e-03 -2.4499998e-03  7.8160000e-01
 -1.9999999e-04] [0 0 0 3 5 3 0 0 5] [False False False False False False False False False]
==========
85 [-1.2020000e-01 -2.4499998e-03 -1.4000000e-03 -8.9699998e-02
 -3.9999999e-04 -3.9999999e-04  6.8560004e-01 -1.4000000e-03
  1.3360000e-01] [6 1 3 6 0 3 0 2 0] [False False False False False False False False False]
==========
86 [-1.9999999e-04  6.7760003e-01 -3.9999999e-04 -2.3999999e-03
 -3.9999999e-04 -1.9999999e-04 -1.4000000e-03  7.8160000e-01
 -2.4499998e-03] [5 0 0 1 0 5 2 0 0] [False False False False False False False False False]
==========
87 [-2.4499998e-03 -1.9999999e-04 -1.4000000e-03 -3.9999999e-04
 -3.9999999e-04 -1.9999999e-04  6.8560004e-01 -2.4499998e-03
 -3.9999999e-04] [0 4 3 3 3 5 0 1 3] [False False False False False False False False False]
==========
88 [-2.000e-04  6.776e-01 -4.000e-04 -2.000e-04 -4.000e-04 -1.400e-03
 -1.400e-03  7.816e-01 -2.000e-04] [4 0 0 4 2 3 3 0 5] [False False False False False False False False False]
==========
89 [-2.4499998e-03 -1.4000000e-03 -1.9999999e-04 -2.3999999e-03
 -1.9999999e-04 -1.9999999e-04  6.8560004e-01 -1.4000000e-03
  1.3360000e-01] [0 3 5 0 4 5 0 3 0] [False False False False False False False False False]
==========
90 [-1.4000000e-03  6.7760003e-01 -3.9999999e-04 -3.9999999e-04
 -3.9999999e-04 -1.4000000e-03 -2.4499998e-03  7.8160000e-01
  5.9999997e-04] [3 0 3 0 3 2 1 0 3] [False False False False False False False False False]
==========
91 [-1.1970000e-01 -2.4499998e-03 -3.9999999e-04 -2.3999999e-03
 -3.9999999e-04 -3.9999999e-04  6.8560004e-01 -1.9999999e-04
 -3.9999999e-04] [6 0 0 0 0 0 0 5 2] [False False False False False False False False False]
==========
92 [-1.4000000e-03  6.7760003e-01 -1.9999999e-04 -1.9999999e-04
 -1.9999999e-04 -3.9999999e-04 -2.4499998e-03  7.8160000e-01
 -1.9999999e-04] [3 0 4 4 5 0 1 0 5] [False False False False False False False False False]
==========
93 [-2.3999999e-03 -2.4499998e-03 -3.9999999e-04 -1.9999999e-04
 -1.9999999e-04 -3.9999999e-04  6.8560004e-01 -1.4000000e-03
 -3.9999999e-04] [0 0 1 6 5 0 0 3 1] [False False False False False False False False False]
==========
94 [ 2.4760000e-01  6.7760003e-01 -1.9999999e-04 -3.9999999e-04
 -3.9999999e-04 -3.9999999e-04 -4.3019998e-01  7.8160000e-01
 -1.9999999e-04] [0 0 5 3 3 0 6 0 4] [False False False False False False False False False]
==========
95 [-1.4000000e-03 -1.9999999e-04 -1.9999999e-04  3.0000001e-04
 -3.9999999e-04 -1.9999999e-04  6.8560004e-01 -1.4000000e-03
 -3.9999999e-04] [3 4 4 6 3 4 0 2 1] [False False False False False False False False False]
==========
96 [ 2.4560001e-01  6.7760003e-01 -3.9999999e-04 -3.9999999e-04
 -3.9999999e-04 -1.4000000e-03  5.5000000e-04  7.8160000e-01
  5.9999997e-04] [0 0 1 0 0 3 0 0 3] [False False False False False False False False False]
==========
97 [-1.5520000e-01 -1.9999999e-04 -2.3999999e-03 -2.3999999e-03
 -3.9999999e-04 -1.9999999e-04  6.8560004e-01 -1.4000000e-03
  1.3559999e-01] [6 4 1 0 2 5 0 2 0] [False False False False False False False False False]
==========
98 [ 3.723e-01  6.776e-01 -4.000e-04 -4.000e-04 -4.000e-04 -4.000e-04
 -2.000e-04  7.816e-01 -8.470e-02] [6 0 2 0 1 0 4 0 6] [False False False False False False False False False]
==========
99 [ 5.9999997e-04 -1.9999999e-04 -3.9999999e-04 -2.3999999e-03
 -3.9999999e-04 -2.3999999e-03  6.8560004e-01 -2.4499998e-03
 -3.9999999e-04] [3 5 0 1 0 0 0 0 3] [False False False False False False False False False]
==========
Terra - Steps: 100, Return: 51.34600067138672
Traceback (most recent call last):
  File "/cluster/home/alesweber/TerraProject/terra-baselines/visualize_mixed.py", line 171, in <module>
    env.terra_env.init_rendering_engine(display=False)
    ^^^^^^^^^^^^^^^^^^^^^^^^^^^^^^^^^^^
AttributeError: 'TerraEnv' object has no attribute 'init_rendering_engine'. Did you mean: 'rendering_engine'?
